{"level":"info","message":"Iniciando extração RAG:","textLength":1489,"timestamp":"2025-10-29T19:53:44.392Z","type":"pdf"}
{"confidence":0,"empresas":0,"level":"info","message":"Extração RAG concluída:","periodos":0,"timestamp":"2025-10-29T19:53:44.407Z"}
{"keys":30,"level":"info","message":"Processando Excel com RAG:","timestamp":"2025-10-29T19:53:45.130Z"}
{"level":"info","message":"Excel processado com RAG:","periods":8,"timestamp":"2025-10-29T19:53:45.220Z"}
{"keys":30,"level":"info","message":"Processando Excel com RAG:","timestamp":"2025-10-29T20:16:15.038Z"}
{"level":"info","message":"Excel processado com RAG:","periods":8,"timestamp":"2025-10-29T20:16:15.062Z"}
{"level":"info","message":"Iniciando extração RAG:","textLength":7051,"timestamp":"2025-10-29T20:16:20.062Z","type":"pdf"}
{"confidence":0.7133333333333333,"empresas":15,"level":"info","message":"Extração RAG concluída:","periodos":0,"timestamp":"2025-10-29T20:16:20.073Z"}
{"keys":30,"level":"info","message":"Processando Excel com RAG:","timestamp":"2025-10-29T20:25:29.196Z"}
{"level":"info","message":"Excel processado com RAG:","periods":8,"timestamp":"2025-10-29T20:25:29.231Z"}
{"keys":30,"level":"info","message":"Processando Excel com RAG:","timestamp":"2025-10-29T20:37:02.292Z"}
{"level":"info","message":"Excel processado com RAG:","periods":8,"timestamp":"2025-10-29T20:37:02.317Z"}
{"keys":30,"level":"info","message":"Processando Excel com RAG:","timestamp":"2025-10-29T20:45:16.381Z"}
{"level":"info","message":"Excel processado com RAG:","periods":8,"timestamp":"2025-10-29T20:45:16.418Z"}
{"keys":30,"level":"info","message":"Processando Excel com RAG:","timestamp":"2025-10-29T20:48:55.912Z"}
{"level":"info","message":"Excel processado com RAG:","periods":8,"timestamp":"2025-10-29T20:48:55.942Z"}
{"keys":30,"level":"info","message":"Processando Excel com RAG:","timestamp":"2025-10-29T20:53:02.656Z"}
{"level":"info","message":"Excel processado com RAG:","periods":8,"timestamp":"2025-10-29T20:53:02.676Z"}
{"keys":30,"level":"info","message":"Processando Excel com RAG:","timestamp":"2025-10-29T20:58:14.017Z"}
{"level":"info","message":"Excel processado com RAG:","periods":8,"timestamp":"2025-10-29T20:58:14.057Z"}
{"keys":30,"level":"info","message":"Processando Excel com RAG:","timestamp":"2025-10-29T21:00:06.518Z"}
{"level":"info","message":"Excel processado com RAG:","periods":8,"timestamp":"2025-10-29T21:00:06.544Z"}
{"keys":30,"level":"info","message":"Processando Excel com RAG:","timestamp":"2025-10-30T11:50:13.027Z"}
{"level":"info","message":"Excel processado com RAG:","periods":8,"timestamp":"2025-10-30T11:50:13.061Z"}
{"keys":30,"level":"info","message":"Processando Excel com RAG:","timestamp":"2025-10-30T11:54:27.488Z"}
{"level":"info","message":"Excel processado com RAG:","periods":8,"timestamp":"2025-10-30T11:54:27.534Z"}
{"keys":30,"level":"info","message":"Processando Excel com RAG:","timestamp":"2025-10-30T11:55:10.494Z"}
{"level":"info","message":"Excel processado com RAG:","periods":8,"timestamp":"2025-10-30T11:55:10.522Z"}
{"keys":30,"level":"info","message":"Processando Excel com RAG:","timestamp":"2025-10-30T12:10:21.083Z"}
{"level":"info","message":"Excel processado com RAG:","periods":8,"timestamp":"2025-10-30T12:10:21.104Z"}
{"keys":30,"level":"info","message":"Processando Excel com RAG:","timestamp":"2025-10-30T12:19:33.909Z"}
{"level":"info","message":"Excel processado com RAG:","periods":8,"timestamp":"2025-10-30T12:19:33.974Z"}
{"keys":30,"level":"info","message":"Processando Excel com RAG:","timestamp":"2025-10-30T12:25:01.229Z"}
{"level":"info","message":"Excel processado com RAG:","periods":8,"timestamp":"2025-10-30T12:25:01.250Z"}
{"level":"info","message":"Iniciando extração RAG:","textLength":7051,"timestamp":"2025-10-30T12:42:51.830Z","type":"pdf"}
{"confidence":0.7133333333333333,"empresas":15,"level":"info","message":"Extração RAG concluída:","periodos":0,"timestamp":"2025-10-30T12:42:51.851Z"}
{"keys":30,"level":"info","message":"Processando Excel com RAG:","timestamp":"2025-10-30T12:42:52.228Z"}
{"level":"info","message":"Excel processado com RAG:","periods":8,"timestamp":"2025-10-30T12:42:52.249Z"}
{"level":"info","message":"Iniciando extração RAG:","textLength":7051,"timestamp":"2025-10-30T12:47:20.610Z","type":"pdf"}
{"confidence":0.7133333333333333,"empresas":15,"level":"info","message":"Extração RAG concluída:","periodos":0,"timestamp":"2025-10-30T12:47:20.617Z"}
{"keys":30,"level":"info","message":"Processando Excel com RAG:","timestamp":"2025-10-30T12:47:21.614Z"}
{"level":"info","message":"Excel processado com RAG:","periods":8,"timestamp":"2025-10-30T12:47:21.634Z"}
{"level":"info","message":"Iniciando extração RAG:","textLength":7051,"timestamp":"2025-10-30T12:47:54.237Z","type":"pdf"}
{"confidence":0.7133333333333333,"empresas":15,"level":"info","message":"Extração RAG concluída:","periodos":0,"timestamp":"2025-10-30T12:47:54.270Z"}
{"keys":30,"level":"info","message":"Processando Excel com RAG:","timestamp":"2025-10-30T12:47:54.698Z"}
{"level":"info","message":"Excel processado com RAG:","periods":8,"timestamp":"2025-10-30T12:47:54.717Z"}
{"level":"info","message":"Iniciando extração RAG:","textLength":7051,"timestamp":"2025-10-30T13:06:27.038Z","type":"pdf"}
{"confidence":0.7133333333333333,"empresas":15,"level":"info","message":"Extração RAG concluída:","periodos":0,"timestamp":"2025-10-30T13:06:27.053Z"}
{"keys":30,"level":"info","message":"Processando Excel com RAG:","timestamp":"2025-10-30T13:06:27.739Z"}
{"level":"info","message":"Excel processado com RAG:","periods":8,"timestamp":"2025-10-30T13:06:27.757Z"}
{"level":"info","message":"Iniciando extração RAG:","textLength":7051,"timestamp":"2025-10-30T13:44:42.127Z","type":"pdf"}
{"confidence":0.7133333333333333,"empresas":15,"level":"info","message":"Extração RAG concluída:","periodos":0,"timestamp":"2025-10-30T13:44:42.143Z"}
{"keys":30,"level":"info","message":"Processando Excel com RAG:","timestamp":"2025-10-30T13:44:42.518Z"}
{"level":"info","message":"Excel processado com RAG:","periods":8,"timestamp":"2025-10-30T13:44:42.552Z"}
{"level":"info","message":"Iniciando extração RAG:","textLength":7051,"timestamp":"2025-10-30T14:29:57.689Z","type":"pdf"}
{"confidence":0.7133333333333333,"empresas":15,"level":"info","message":"Extração RAG concluída:","periodos":0,"timestamp":"2025-10-30T14:29:57.703Z"}
{"keys":30,"level":"info","message":"Processando Excel com RAG:","timestamp":"2025-10-30T14:29:58.096Z"}
{"level":"info","message":"Excel processado com RAG:","periods":8,"timestamp":"2025-10-30T14:29:58.118Z"}
{"level":"info","message":"Iniciando extração RAG:","textLength":7051,"timestamp":"2025-10-30T14:34:24.642Z","type":"pdf"}
{"confidence":0.7133333333333333,"empresas":15,"level":"info","message":"Extração RAG concluída:","periodos":0,"timestamp":"2025-10-30T14:34:24.655Z"}
{"keys":30,"level":"info","message":"Processando Excel com RAG:","timestamp":"2025-10-30T14:34:25.046Z"}
{"level":"info","message":"Excel processado com RAG:","periods":8,"timestamp":"2025-10-30T14:34:25.065Z"}
{"level":"info","message":"Iniciando extração RAG:","textLength":7051,"timestamp":"2025-10-30T14:39:16.671Z","type":"pdf"}
{"confidence":0.7133333333333333,"empresas":15,"level":"info","message":"Extração RAG concluída:","periodos":0,"timestamp":"2025-10-30T14:39:16.683Z"}
{"keys":30,"level":"info","message":"Processando Excel com RAG:","timestamp":"2025-10-30T14:39:17.008Z"}
{"level":"info","message":"Excel processado com RAG:","periods":8,"timestamp":"2025-10-30T14:39:17.027Z"}
{"level":"info","message":"Iniciando extração RAG:","textLength":7051,"timestamp":"2025-10-30T14:43:44.322Z","type":"pdf"}
{"confidence":0.7133333333333333,"empresas":15,"level":"info","message":"Extração RAG concluída:","periodos":0,"timestamp":"2025-10-30T14:43:44.327Z"}
{"keys":30,"level":"info","message":"Processando Excel com RAG:","timestamp":"2025-10-30T14:43:44.576Z"}
{"level":"info","message":"Excel processado com RAG:","periods":8,"timestamp":"2025-10-30T14:43:44.597Z"}
{"level":"info","message":"Iniciando extração RAG:","textLength":7051,"timestamp":"2025-10-30T15:02:30.354Z","type":"pdf"}
{"confidence":0.7133333333333333,"empresas":15,"level":"info","message":"Extração RAG concluída:","periodos":0,"timestamp":"2025-10-30T15:02:30.380Z"}
{"level":"info","message":"Iniciando extração RAG:","textLength":7051,"timestamp":"2025-10-30T15:04:00.655Z","type":"pdf"}
{"confidence":0.7133333333333333,"empresas":15,"level":"info","message":"Extração RAG concluída:","periodos":0,"timestamp":"2025-10-30T15:04:00.671Z"}
{"keys":30,"level":"info","message":"Processando Excel com RAG:","timestamp":"2025-10-30T15:04:01.274Z"}
{"level":"info","message":"Excel processado com RAG:","periods":8,"timestamp":"2025-10-30T15:04:01.303Z"}
{"level":"info","message":"Iniciando extração RAG:","textLength":7051,"timestamp":"2025-10-30T15:27:47.796Z","type":"pdf"}
{"confidence":0.7133333333333333,"empresas":15,"level":"info","message":"Extração RAG concluída:","periodos":0,"timestamp":"2025-10-30T15:27:47.829Z"}
{"keys":30,"level":"info","message":"Processando Excel com RAG:","timestamp":"2025-10-30T15:27:48.650Z"}
{"level":"info","message":"Excel processado com RAG:","periods":8,"timestamp":"2025-10-30T15:27:48.795Z"}
{"keys":30,"level":"info","message":"Processando Excel com RAG:","timestamp":"2025-10-30T15:31:32.278Z"}
{"level":"info","message":"Excel processado com RAG:","periods":8,"timestamp":"2025-10-30T15:31:32.312Z"}
{"keys":30,"level":"info","message":"Processando Excel com RAG:","timestamp":"2025-10-30T15:40:53.114Z"}
{"level":"info","message":"Excel processado com RAG:","periods":8,"timestamp":"2025-10-30T15:40:53.141Z"}
{"level":"info","message":"Iniciando extração RAG:","textLength":59,"timestamp":"2025-11-04T13:12:57.761Z","type":"pdf"}
{"confidence":0,"empresas":0,"level":"info","message":"Extração RAG concluída:","periodos":0,"timestamp":"2025-11-04T13:12:57.778Z"}
{"level":"info","message":"Iniciando extração RAG:","textLength":59,"timestamp":"2025-11-04T13:13:21.424Z","type":"pdf"}
{"confidence":0,"empresas":0,"level":"info","message":"Extração RAG concluída:","periodos":0,"timestamp":"2025-11-04T13:13:21.425Z"}
{"level":"info","message":"Iniciando extração RAG:","textLength":59,"timestamp":"2025-11-04T13:18:26.017Z","type":"pdf"}
{"confidence":0,"empresas":0,"level":"info","message":"Extração RAG concluída:","periodos":0,"timestamp":"2025-11-04T13:18:26.021Z"}
{"level":"info","message":"Iniciando extração RAG:","textLength":59,"timestamp":"2025-11-04T13:24:01.206Z","type":"pdf"}
{"confidence":0,"empresas":0,"level":"info","message":"Extração RAG concluída:","periodos":0,"timestamp":"2025-11-04T13:24:01.207Z"}
{"level":"info","message":"Iniciando extração RAG:","textLength":38,"timestamp":"2025-11-04T13:38:41.092Z","type":"pdf"}
{"confidence":0,"empresas":0,"level":"info","message":"Extração RAG concluída:","periodos":0,"timestamp":"2025-11-04T13:38:41.093Z"}
{"level":"info","message":"Iniciando extração RAG:","textLength":38,"timestamp":"2025-11-04T18:17:20.942Z","type":"pdf"}
{"confidence":0,"empresas":0,"level":"info","message":"Extração RAG concluída:","periodos":0,"timestamp":"2025-11-04T18:17:20.944Z"}
